<?xml version="1.0" encoding="UTF-8"?>
<testsuite name="secondQuestion.UserTest" tests="1" skipped="0" failures="0" errors="0" timestamp="2022-02-19T21:43:53" hostname="guilherme-X510URR" time="0.023">
  <properties/>
  <testcase name="should_not_create_user_without_special_char()" classname="secondQuestion.UserTest" time="0.023"/>
  <system-out><![CDATA[]]></system-out>
  <system-err><![CDATA[]]></system-err>
</testsuite>
